0 info it worked if it ends with ok
1 verbose cli [ '/usr/local/bin/node', '/usr/local/bin/npm', 'start' ]
2 info using npm@3.10.10
3 info using node@v7.2.1
4 verbose run-script [ 'prestart', 'start', 'poststart' ]
5 info lifecycle u4-no@1.0.0~prestart: u4-no@1.0.0
6 silly lifecycle u4-no@1.0.0~prestart: no script for prestart, continuing
7 info lifecycle u4-no@1.0.0~start: u4-no@1.0.0
8 verbose lifecycle u4-no@1.0.0~start: unsafe-perm in lifecycle true
9 verbose lifecycle u4-no@1.0.0~start: PATH: /usr/local/lib/node_modules/npm/bin/node-gyp-bin:/Users/thomaslg/Dropbox/Sites/u4-no/node_modules/.bin:/usr/local/bin:/usr/bin:/bin:/usr/sbin:/sbin:/opt/X11/bin
10 verbose lifecycle u4-no@1.0.0~start: CWD: /Users/thomaslg/Dropbox/Sites/u4-no
11 silly lifecycle u4-no@1.0.0~start: Args: [ '-c', 'cd frontend && node server.js' ]
12 silly lifecycle u4-no@1.0.0~start: Returned: code: 1  signal: null
13 info lifecycle u4-no@1.0.0~start: Failed to exec start script
14 verbose stack Error: u4-no@1.0.0 start: `cd frontend && node server.js`
14 verbose stack Exit status 1
14 verbose stack     at EventEmitter.<anonymous> (/usr/local/lib/node_modules/npm/lib/utils/lifecycle.js:255:16)
14 verbose stack     at emitTwo (events.js:106:13)
14 verbose stack     at EventEmitter.emit (events.js:191:7)
14 verbose stack     at ChildProcess.<anonymous> (/usr/local/lib/node_modules/npm/lib/utils/spawn.js:40:14)
14 verbose stack     at emitTwo (events.js:106:13)
14 verbose stack     at ChildProcess.emit (events.js:191:7)
14 verbose stack     at maybeClose (internal/child_process.js:885:16)
14 verbose stack     at Process.ChildProcess._handle.onexit (internal/child_process.js:226:5)
15 verbose pkgid u4-no@1.0.0
16 verbose cwd /Users/thomaslg/Dropbox/Sites/u4-no
17 error Darwin 15.6.0
18 error argv "/usr/local/bin/node" "/usr/local/bin/npm" "start"
19 error node v7.2.1
20 error npm  v3.10.10
21 error code ELIFECYCLE
22 error u4-no@1.0.0 start: `cd frontend && node server.js`
22 error Exit status 1
23 error Failed at the u4-no@1.0.0 start script 'cd frontend && node server.js'.
23 error Make sure you have the latest version of node.js and npm installed.
23 error If you do, this is most likely a problem with the u4-no package,
23 error not with npm itself.
23 error Tell the author that this fails on your system:
23 error     cd frontend && node server.js
23 error You can get information on how to open an issue for this project with:
23 error     npm bugs u4-no
23 error Or if that isn't available, you can get their info via:
23 error     npm owner ls u4-no
23 error There is likely additional logging output above.
24 verbose exit [ 1, true ]
